2016-09-21 11:45:34 [127.0.0.1][-][36schjcsgkbteu89f2548pbjm4][error][yii\base\ErrorException:2] exception 'yii\base\ErrorException' with message 'Illegal string offset 'id'' in D:\phpStudy\WWW\job\frontend\views\company\create.php:100
Stack trace:
#0 D:\phpStudy\WWW\job\frontend\views\company\create.php(100): yii\base\ErrorHandler->handleError(2, 'Illegal string ...', 'D:\\phpStudy\\WWW...', 100, Array)
#1 D:\phpStudy\WWW\job\vendor\yiisoft\yii2\base\View.php(325): require('D:\\phpStudy\\WWW...')
#2 D:\phpStudy\WWW\job\vendor\yiisoft\yii2\base\View.php(247): yii\base\View->renderPhpFile('D:\\phpStudy\\WWW...', Array)
#3 D:\phpStudy\WWW\job\vendor\yiisoft\yii2\base\View.php(149): yii\base\View->renderFile('D:\\phpStudy\\WWW...', Array, Object(frontend\controllers\CompanyController))
#4 D:\phpStudy\WWW\job\vendor\yiisoft\yii2\base\Controller.php(378): yii\base\View->render('create', Array, Object(frontend\controllers\CompanyController))
#5 D:\phpStudy\WWW\job\frontend\controllers\CompanyController.php(179): yii\base\Controller->render('create', Array)
#6 [internal function]: frontend\controllers\CompanyController->actionCreate()
#7 D:\phpStudy\WWW\job\vendor\yiisoft\yii2\base\InlineAction.php(55): call_user_func_array(Array, Array)
#8 D:\phpStudy\WWW\job\vendor\yiisoft\yii2\base\Controller.php(154): yii\base\InlineAction->runWithParams(Array)
#9 D:\phpStudy\WWW\job\vendor\yiisoft\yii2\base\Module.php(454): yii\base\Controller->runAction('create', Array)
#10 D:\phpStudy\WWW\job\vendor\yiisoft\yii2\web\Application.php(84): yii\base\Module->runAction('company/create', Array)
#11 D:\phpStudy\WWW\job\vendor\yiisoft\yii2\base\Application.php(375): yii\web\Application->handleRequest(Object(yii\web\Request))
#12 D:\phpStudy\WWW\job\frontend\web\index.php(19): yii\base\Application->run()
#13 {main}
2016-09-21 11:45:34 [127.0.0.1][-][36schjcsgkbteu89f2548pbjm4][info][application] $_GET = [
    'r' => 'company/create'
]

$_COOKIE = [
    'Hm_lvt_4233e74dff0ae5bd0a3d81c6ccf756e6' => '1474074136,1474159351,1474354018,1474419320'
    'PHPSESSID' => '36schjcsgkbteu89f2548pbjm4'
    '_csrf' => '5839d754b0fba58aa92ffb3edfcb3a3089c8a6f9df3b4a9ba67b149c87acd70da:2:{i:0;s:5:\"_csrf\";i:1;s:32:\"ojS0CTQA4CELUqCfnlHe19XITOw3i7A-\";}'
    'hzy_login_back' => 'http://127.0.0.1/job/frontend/web/?r=index/index'
    'Hm_lpvt_4233e74dff0ae5bd0a3d81c6ccf756e6' => '1474424782'
]

$_SESSION = [
    '__flash' => []
    'comp_id' => '1'
    'user' => 's@163.com'
    'userid' => '6'
    'utype' => '1'
]

$_SERVER = [
    'PATH' => 'E:\\phpStudy\\MySQL\\bin;C:\\Windows\\system32;C:\\Windows;C:\\Windows\\System32\\Wbem;C:\\Windows\\System32\\WindowsPowerShell\\v1.0\\;D:\\TortoiseSVN\\bin;D:\\phpStudy\\php55n;C:\\ProgramData\\ComposerSetup\\bin'
    'SYSTEMROOT' => 'C:\\Windows'
    'COMSPEC' => 'C:\\Windows\\system32\\cmd.exe'
    'PATHEXT' => '.COM;.EXE;.BAT;.CMD;.VBS;.VBE;.JS;.JSE;.WSF;.WSH;.MSC'
    'WINDIR' => 'C:\\Windows'
    'PHP_FCGI_MAX_REQUESTS' => '1000'
    'PHPRC' => 'D:/phpStudy/php55n'
    '_FCGI_SHUTDOWN_EVENT_' => '388'
    'SCRIPT_NAME' => '/job/frontend/web/index.php'
    'REQUEST_URI' => '/job/frontend/web/?r=company/create'
    'QUERY_STRING' => 'r=company/create'
    'REQUEST_METHOD' => 'GET'
    'SERVER_PROTOCOL' => 'HTTP/1.1'
    'GATEWAY_INTERFACE' => 'CGI/1.1'
    'REMOTE_PORT' => '60045'
    'SCRIPT_FILENAME' => 'D:/phpStudy/WWW/job/frontend/web/index.php'
    'SERVER_ADMIN' => 'admin@phpStudy.net'
    'CONTEXT_DOCUMENT_ROOT' => 'D:/phpStudy/WWW'
    'CONTEXT_PREFIX' => ''
    'REQUEST_SCHEME' => 'http'
    'DOCUMENT_ROOT' => 'D:/phpStudy/WWW'
    'REMOTE_ADDR' => '127.0.0.1'
    'SERVER_PORT' => '80'
    'SERVER_ADDR' => '127.0.0.1'
    'SERVER_NAME' => '127.0.0.1'
    'SERVER_SOFTWARE' => 'Apache/2.4.18 (Win32) OpenSSL/1.0.2e mod_fcgid/2.3.9'
    'SERVER_SIGNATURE' => ''
    'SystemRoot' => 'C:\\Windows'
    'HTTP_UPGRADE_INSECURE_REQUESTS' => '1'
    'HTTP_CONNECTION' => 'close'
    'HTTP_COOKIE' => 'Hm_lvt_4233e74dff0ae5bd0a3d81c6ccf756e6=1474074136,1474159351,1474354018,1474419320; PHPSESSID=36schjcsgkbteu89f2548pbjm4; _csrf=5839d754b0fba58aa92ffb3edfcb3a3089c8a6f9df3b4a9ba67b149c87acd70da%3A2%3A%7Bi%3A0%3Bs%3A5%3A%22_csrf%22%3Bi%3A1%3Bs%3A32%3A%22ojS0CTQA4CELUqCfnlHe19XITOw3i7A-%22%3B%7D; hzy_login_back=http://127.0.0.1/job/frontend/web/?r=index/index; Hm_lpvt_4233e74dff0ae5bd0a3d81c6ccf756e6=1474424782'
    'HTTP_REFERER' => 'http://127.0.0.1/job/frontend/web/?r=company/positionadd'
    'HTTP_ACCEPT_ENCODING' => 'gzip, deflate'
    'HTTP_ACCEPT_LANGUAGE' => 'zh-CN,zh;q=0.8,en-US;q=0.5,en;q=0.3'
    'HTTP_ACCEPT' => 'text/html,application/xhtml+xml,application/xml;q=0.9,*/*;q=0.8'
    'HTTP_USER_AGENT' => 'Mozilla/5.0 (Windows NT 6.1; WOW64; rv:48.0) Gecko/20100101 Firefox/48.0'
    'HTTP_HOST' => '127.0.0.1'
    'FCGI_ROLE' => 'RESPONDER'
    'PHP_SELF' => '/job/frontend/web/index.php'
    'REQUEST_TIME_FLOAT' => 1474429534.3766
    'REQUEST_TIME' => 1474429534
]
2016-10-08 17:00:23 [127.0.0.1][-][tajfljtgo69tohh62fg09miv32][error][yii\base\ErrorException:8] exception 'yii\base\ErrorException' with message 'Undefined index: jobnature' in E:\job\frontend\controllers\CompanyController.php:153
Stack trace:
#0 E:\job\frontend\controllers\CompanyController.php(153): yii\base\ErrorHandler->handleError(8, 'Undefined index...', 'E:\\job\\frontend...', 153, Array)
#1 [internal function]: frontend\controllers\CompanyController->actionCreate()
#2 E:\job\vendor\yiisoft\yii2\base\InlineAction.php(55): call_user_func_array(Array, Array)
#3 E:\job\vendor\yiisoft\yii2\base\Controller.php(154): yii\base\InlineAction->runWithParams(Array)
#4 E:\job\vendor\yiisoft\yii2\base\Module.php(454): yii\base\Controller->runAction('create', Array)
#5 E:\job\vendor\yiisoft\yii2\web\Application.php(84): yii\base\Module->runAction('company/create', Array)
#6 E:\job\vendor\yiisoft\yii2\base\Application.php(375): yii\web\Application->handleRequest(Object(yii\web\Request))
#7 E:\job\frontend\web\index.php(19): yii\base\Application->run()
#8 {main}
2016-10-08 17:00:23 [127.0.0.1][-][tajfljtgo69tohh62fg09miv32][info][application] $_GET = [
    'r' => 'company/create'
]

$_POST = [
    '_csrf' => 'TjIwZjVnTnA2Q11LWCssKAUGHUt4PTc9L2RdVncVDToHR0IuWwApMg=='
    'id' => ''
    'preview' => 'create'
    'company_id' => '7'
    'resubmitToken' => 'c29d4a7c35314180bf3be5eb3f00048f'
    'position_type' => ''
    'position_name' => ''
    'office' => ''
    'money_start' => ''
    'money_end' => ''
    'region' => ''
    'jobexp' => ''
    'jobedu' => ''
    'jobtempt' => ''
    'jobself' => ''
    'jobaddress' => ''
    'email' => 'admin@admin.com'
    'resume_email' => ''
]

$_COOKIE = [
    'viewTimes' => '2'
    'PHPSESSID' => 'tajfljtgo69tohh62fg09miv32'
    '_csrf' => '0658f141ed47a27064b23ef0c011e4c88b8052cf88893a6b7a78751851e1e146a:2:{i:0;s:5:\"_csrf\";i:1;s:32:\"xqm-mLbXK4--MZyMaVm0BrCJIurHnggB\";}'
    'hzy_login_back' => 'http://www.job.com/frontend/web/?r=company/companylist'
    'Hm_lvt_4233e74dff0ae5bd0a3d81c6ccf756e6' => '1475916982'
    'Hm_lpvt_4233e74dff0ae5bd0a3d81c6ccf756e6' => '1475917169'
]

$_SESSION = [
    '__flash' => []
    'user' => '192302@qq.com'
    'userid' => '38'
    'utype' => '1'
    'comp_id' => '7'
]

$_SERVER = [
    'PATH' => 'C:\\Program Files (x86)\\Lenovo\\FusionEngine;C:\\Program Files (x86)\\Intel\\iCLS Client\\;C:\\Program Files\\Intel\\iCLS Client\\;C:\\windows\\system32;C:\\windows;C:\\windows\\System32\\Wbem;C:\\windows\\System32\\WindowsPowerShell\\v1.0\\;C:\\Program Files\\Intel\\Intel(R) Management Engine Components\\DAL;C:\\Program Files (x86)\\Intel\\Intel(R) Management Engine Components\\DAL;C:\\Program Files\\Intel\\Intel(R) Management Engine Components\\IPT;C:\\Program Files (x86)\\Intel\\Intel(R) Management Engine Components\\IPT;C:\\Program Files (x86)\\ATI Technologies\\ATI.ACE\\Core-Static;C:\\Program Files\\Intel\\WiFi\\bin\\;C:\\Program Files\\Common Files\\Intel\\WirelessCommon\\;C:\\Program Files (x86)\\Lenovo\\Motion Control\\;C:\\Program Files (x86)\\Common Files\\lenovo\\easyplussdk\\bin;C:\\Program Files (x86)\\iFLYTEK\\VoiceAssistant\\SpeechPlusRuntime;;C:\\Program Files (x86)\\Lenovo\\Voice SDK;C:\\Program Files (x86)\\Lenovo\\Lenovo Home\\;C:\\Program Files (x86)\\AMD\\ATI.ACE\\Core-Static;E:\\svn\\bin;E:\\phpStudy\\php70n;C:\\ProgramData\\ComposerSetup\\bin'
    'SYSTEMROOT' => 'C:\\windows'
    'COMSPEC' => 'C:\\windows\\system32\\cmd.exe'
    'PATHEXT' => '.COM;.EXE;.BAT;.CMD;.VBS;.VBE;.JS;.JSE;.WSF;.WSH;.MSC'
    'WINDIR' => 'C:\\windows'
    'PHP_FCGI_MAX_REQUESTS' => '1000'
    'PHPRC' => 'E:/phpStudy/php55n'
    '_FCGI_SHUTDOWN_EVENT_' => '2020'
    'SCRIPT_NAME' => '/frontend/web/index.php'
    'REQUEST_URI' => '/frontend/web/index.php?r=company/create'
    'QUERY_STRING' => 'r=company/create'
    'REQUEST_METHOD' => 'POST'
    'SERVER_PROTOCOL' => 'HTTP/1.1'
    'GATEWAY_INTERFACE' => 'CGI/1.1'
    'REMOTE_PORT' => '57097'
    'SCRIPT_FILENAME' => 'E:/job/frontend/web/index.php'
    'SERVER_ADMIN' => 'admin@phpStudy.net'
    'CONTEXT_DOCUMENT_ROOT' => 'E:/job'
    'CONTEXT_PREFIX' => ''
    'REQUEST_SCHEME' => 'http'
    'DOCUMENT_ROOT' => 'E:/job'
    'REMOTE_ADDR' => '127.0.0.1'
    'SERVER_PORT' => '80'
    'SERVER_ADDR' => '127.0.0.1'
    'SERVER_NAME' => 'www.job.com'
    'SERVER_SOFTWARE' => 'Apache/2.4.18 (Win32) OpenSSL/1.0.2e mod_fcgid/2.3.9'
    'SERVER_SIGNATURE' => ''
    'SystemRoot' => 'C:\\windows'
    'CONTENT_LENGTH' => '300'
    'CONTENT_TYPE' => 'application/x-www-form-urlencoded'
    'HTTP_CONNECTION' => 'close'
    'HTTP_COOKIE' => 'viewTimes=2; PHPSESSID=tajfljtgo69tohh62fg09miv32; _csrf=0658f141ed47a27064b23ef0c011e4c88b8052cf88893a6b7a78751851e1e146a%3A2%3A%7Bi%3A0%3Bs%3A5%3A%22_csrf%22%3Bi%3A1%3Bs%3A32%3A%22xqm-mLbXK4--MZyMaVm0BrCJIurHnggB%22%3B%7D; hzy_login_back=http://www.job.com/frontend/web/?r=company/companylist; Hm_lvt_4233e74dff0ae5bd0a3d81c6ccf756e6=1475916982; Hm_lpvt_4233e74dff0ae5bd0a3d81c6ccf756e6=1475917169'
    'HTTP_REFERER' => 'http://www.job.com/frontend/web/index.php?r=company/create'
    'HTTP_ACCEPT_ENCODING' => 'gzip, deflate'
    'HTTP_ACCEPT_LANGUAGE' => 'zh-CN,zh;q=0.8,en-US;q=0.5,en;q=0.3'
    'HTTP_ACCEPT' => 'text/html,application/xhtml+xml,application/xml;q=0.9,*/*;q=0.8'
    'HTTP_USER_AGENT' => 'Mozilla/5.0 (Windows NT 6.3; WOW64; rv:45.0) Gecko/20100101 Firefox/45.0'
    'HTTP_HOST' => 'www.job.com'
    'FCGI_ROLE' => 'RESPONDER'
    'PHP_SELF' => '/frontend/web/index.php'
    'REQUEST_TIME_FLOAT' => 1475917223.3868
    'REQUEST_TIME' => 1475917223
]
2016-10-16 19:09:23 [127.0.0.1][-][mb18u98h0sbpskecc7tatu6bu7][error][yii\web\HttpException:404] exception 'yii\base\InvalidRouteException' with message 'Unable to resolve the request "admin/login".' in E:\job\vendor\yiisoft\yii2\base\Module.php:460
Stack trace:
#0 E:\job\vendor\yiisoft\yii2\web\Application.php(84): yii\base\Module->runAction('admin/login', Array)
#1 E:\job\vendor\yiisoft\yii2\base\Application.php(375): yii\web\Application->handleRequest(Object(yii\web\Request))
#2 E:\job\frontend\web\index.php(19): yii\base\Application->run()
#3 {main}

Next exception 'yii\web\NotFoundHttpException' with message 'Page not found.' in E:\job\vendor\yiisoft\yii2\web\Application.php:96
Stack trace:
#0 E:\job\vendor\yiisoft\yii2\base\Application.php(375): yii\web\Application->handleRequest(Object(yii\web\Request))
#1 E:\job\frontend\web\index.php(19): yii\base\Application->run()
#2 {main}
2016-10-16 19:09:23 [127.0.0.1][-][mb18u98h0sbpskecc7tatu6bu7][info][application] $_GET = [
    'r' => 'admin/login'
]

$_COOKIE = [
    'Hm_lvt_4233e74dff0ae5bd0a3d81c6ccf756e6' => '1475916982,1475981871,1476066373'
    'PHPSESSID' => 'mb18u98h0sbpskecc7tatu6bu7'
    '_csrf' => 'eb45490686e8597329ae36132001fb429902d307237329c2a1f1f4e879bcfbe8a:2:{i:0;s:5:\"_csrf\";i:1;s:32:\"ic8koLF_Aj2mgS6L8IZsop70GAoTGuWM\";}'
]

$_SESSION = [
    '__flash' => []
]

$_SERVER = [
    'HTTP_HOST' => 'www.job.com'
    'HTTP_USER_AGENT' => 'Mozilla/5.0 (Windows NT 6.3; WOW64; rv:45.0) Gecko/20100101 Firefox/45.0'
    'HTTP_ACCEPT' => 'text/html,application/xhtml+xml,application/xml;q=0.9,*/*;q=0.8'
    'HTTP_ACCEPT_LANGUAGE' => 'zh-CN,zh;q=0.8,en-US;q=0.5,en;q=0.3'
    'HTTP_ACCEPT_ENCODING' => 'gzip, deflate'
    'HTTP_COOKIE' => 'Hm_lvt_4233e74dff0ae5bd0a3d81c6ccf756e6=1475916982,1475981871,1476066373; PHPSESSID=mb18u98h0sbpskecc7tatu6bu7; _csrf=eb45490686e8597329ae36132001fb429902d307237329c2a1f1f4e879bcfbe8a%3A2%3A%7Bi%3A0%3Bs%3A5%3A%22_csrf%22%3Bi%3A1%3Bs%3A32%3A%22ic8koLF_Aj2mgS6L8IZsop70GAoTGuWM%22%3B%7D'
    'HTTP_CONNECTION' => 'keep-alive'
    'PATH' => 'C:\\Program Files (x86)\\Lenovo\\FusionEngine;C:\\Program Files (x86)\\Intel\\iCLS Client\\;C:\\Program Files\\Intel\\iCLS Client\\;C:\\windows\\system32;C:\\windows;C:\\windows\\System32\\Wbem;C:\\windows\\System32\\WindowsPowerShell\\v1.0\\;C:\\Program Files\\Intel\\Intel(R) Management Engine Components\\DAL;C:\\Program Files (x86)\\Intel\\Intel(R) Management Engine Components\\DAL;C:\\Program Files\\Intel\\Intel(R) Management Engine Components\\IPT;C:\\Program Files (x86)\\Intel\\Intel(R) Management Engine Components\\IPT;C:\\Program Files (x86)\\ATI Technologies\\ATI.ACE\\Core-Static;C:\\Program Files\\Intel\\WiFi\\bin\\;C:\\Program Files\\Common Files\\Intel\\WirelessCommon\\;C:\\Program Files (x86)\\Lenovo\\Motion Control\\;C:\\Program Files (x86)\\Common Files\\lenovo\\easyplussdk\\bin;C:\\Program Files (x86)\\iFLYTEK\\VoiceAssistant\\SpeechPlusRuntime;;C:\\Program Files (x86)\\Lenovo\\Voice SDK;C:\\Program Files (x86)\\Lenovo\\Lenovo Home\\;C:\\Program Files (x86)\\AMD\\ATI.ACE\\Core-Static;E:\\svn\\bin;E:\\phpStudy\\php70n;C:\\ProgramData\\ComposerSetup\\bin'
    'SystemRoot' => 'C:\\windows'
    'COMSPEC' => 'C:\\windows\\system32\\cmd.exe'
    'PATHEXT' => '.COM;.EXE;.BAT;.CMD;.VBS;.VBE;.JS;.JSE;.WSF;.WSH;.MSC'
    'WINDIR' => 'C:\\windows'
    'SERVER_SIGNATURE' => ''
    'SERVER_SOFTWARE' => 'Apache/2.4.18 (Win32) OpenSSL/1.0.2e PHP/5.5.30'
    'SERVER_NAME' => 'www.job.com'
    'SERVER_ADDR' => '127.0.0.1'
    'SERVER_PORT' => '80'
    'REMOTE_ADDR' => '127.0.0.1'
    'DOCUMENT_ROOT' => 'E:/job'
    'REQUEST_SCHEME' => 'http'
    'CONTEXT_PREFIX' => ''
    'CONTEXT_DOCUMENT_ROOT' => 'E:/job'
    'SERVER_ADMIN' => 'admin@phpStudy.net'
    'SCRIPT_FILENAME' => 'E:/job/frontend/web/index.php'
    'REMOTE_PORT' => '60614'
    'GATEWAY_INTERFACE' => 'CGI/1.1'
    'SERVER_PROTOCOL' => 'HTTP/1.1'
    'REQUEST_METHOD' => 'GET'
    'QUERY_STRING' => 'r=admin/login'
    'REQUEST_URI' => '/frontend/web/?r=admin/login'
    'SCRIPT_NAME' => '/frontend/web/index.php'
    'PHP_SELF' => '/frontend/web/index.php'
    'REQUEST_TIME_FLOAT' => 1476616163.487
    'REQUEST_TIME' => 1476616163
]
2016-10-16 19:09:27 [127.0.0.1][-][mb18u98h0sbpskecc7tatu6bu7][error][yii\web\HttpException:404] exception 'yii\base\InvalidRouteException' with message 'Unable to resolve the request "admin".' in E:\job\vendor\yiisoft\yii2\base\Module.php:460
Stack trace:
#0 E:\job\vendor\yiisoft\yii2\web\Application.php(84): yii\base\Module->runAction('admin', Array)
#1 E:\job\vendor\yiisoft\yii2\base\Application.php(375): yii\web\Application->handleRequest(Object(yii\web\Request))
#2 E:\job\frontend\web\index.php(19): yii\base\Application->run()
#3 {main}

Next exception 'yii\web\NotFoundHttpException' with message 'Page not found.' in E:\job\vendor\yiisoft\yii2\web\Application.php:96
Stack trace:
#0 E:\job\vendor\yiisoft\yii2\base\Application.php(375): yii\web\Application->handleRequest(Object(yii\web\Request))
#1 E:\job\frontend\web\index.php(19): yii\base\Application->run()
#2 {main}
2016-10-16 19:09:27 [127.0.0.1][-][mb18u98h0sbpskecc7tatu6bu7][info][application] $_GET = [
    'r' => 'admin'
]

$_COOKIE = [
    'Hm_lvt_4233e74dff0ae5bd0a3d81c6ccf756e6' => '1475916982,1475981871,1476066373'
    'PHPSESSID' => 'mb18u98h0sbpskecc7tatu6bu7'
    '_csrf' => 'eb45490686e8597329ae36132001fb429902d307237329c2a1f1f4e879bcfbe8a:2:{i:0;s:5:\"_csrf\";i:1;s:32:\"ic8koLF_Aj2mgS6L8IZsop70GAoTGuWM\";}'
]

$_SESSION = [
    '__flash' => []
]

$_SERVER = [
    'HTTP_HOST' => 'www.job.com'
    'HTTP_USER_AGENT' => 'Mozilla/5.0 (Windows NT 6.3; WOW64; rv:45.0) Gecko/20100101 Firefox/45.0'
    'HTTP_ACCEPT' => 'text/html,application/xhtml+xml,application/xml;q=0.9,*/*;q=0.8'
    'HTTP_ACCEPT_LANGUAGE' => 'zh-CN,zh;q=0.8,en-US;q=0.5,en;q=0.3'
    'HTTP_ACCEPT_ENCODING' => 'gzip, deflate'
    'HTTP_COOKIE' => 'Hm_lvt_4233e74dff0ae5bd0a3d81c6ccf756e6=1475916982,1475981871,1476066373; PHPSESSID=mb18u98h0sbpskecc7tatu6bu7; _csrf=eb45490686e8597329ae36132001fb429902d307237329c2a1f1f4e879bcfbe8a%3A2%3A%7Bi%3A0%3Bs%3A5%3A%22_csrf%22%3Bi%3A1%3Bs%3A32%3A%22ic8koLF_Aj2mgS6L8IZsop70GAoTGuWM%22%3B%7D'
    'HTTP_CONNECTION' => 'keep-alive'
    'PATH' => 'C:\\Program Files (x86)\\Lenovo\\FusionEngine;C:\\Program Files (x86)\\Intel\\iCLS Client\\;C:\\Program Files\\Intel\\iCLS Client\\;C:\\windows\\system32;C:\\windows;C:\\windows\\System32\\Wbem;C:\\windows\\System32\\WindowsPowerShell\\v1.0\\;C:\\Program Files\\Intel\\Intel(R) Management Engine Components\\DAL;C:\\Program Files (x86)\\Intel\\Intel(R) Management Engine Components\\DAL;C:\\Program Files\\Intel\\Intel(R) Management Engine Components\\IPT;C:\\Program Files (x86)\\Intel\\Intel(R) Management Engine Components\\IPT;C:\\Program Files (x86)\\ATI Technologies\\ATI.ACE\\Core-Static;C:\\Program Files\\Intel\\WiFi\\bin\\;C:\\Program Files\\Common Files\\Intel\\WirelessCommon\\;C:\\Program Files (x86)\\Lenovo\\Motion Control\\;C:\\Program Files (x86)\\Common Files\\lenovo\\easyplussdk\\bin;C:\\Program Files (x86)\\iFLYTEK\\VoiceAssistant\\SpeechPlusRuntime;;C:\\Program Files (x86)\\Lenovo\\Voice SDK;C:\\Program Files (x86)\\Lenovo\\Lenovo Home\\;C:\\Program Files (x86)\\AMD\\ATI.ACE\\Core-Static;E:\\svn\\bin;E:\\phpStudy\\php70n;C:\\ProgramData\\ComposerSetup\\bin'
    'SystemRoot' => 'C:\\windows'
    'COMSPEC' => 'C:\\windows\\system32\\cmd.exe'
    'PATHEXT' => '.COM;.EXE;.BAT;.CMD;.VBS;.VBE;.JS;.JSE;.WSF;.WSH;.MSC'
    'WINDIR' => 'C:\\windows'
    'SERVER_SIGNATURE' => ''
    'SERVER_SOFTWARE' => 'Apache/2.4.18 (Win32) OpenSSL/1.0.2e PHP/5.5.30'
    'SERVER_NAME' => 'www.job.com'
    'SERVER_ADDR' => '127.0.0.1'
    'SERVER_PORT' => '80'
    'REMOTE_ADDR' => '127.0.0.1'
    'DOCUMENT_ROOT' => 'E:/job'
    'REQUEST_SCHEME' => 'http'
    'CONTEXT_PREFIX' => ''
    'CONTEXT_DOCUMENT_ROOT' => 'E:/job'
    'SERVER_ADMIN' => 'admin@phpStudy.net'
    'SCRIPT_FILENAME' => 'E:/job/frontend/web/index.php'
    'REMOTE_PORT' => '60614'
    'GATEWAY_INTERFACE' => 'CGI/1.1'
    'SERVER_PROTOCOL' => 'HTTP/1.1'
    'REQUEST_METHOD' => 'GET'
    'QUERY_STRING' => 'r=admin'
    'REQUEST_URI' => '/frontend/web/?r=admin'
    'SCRIPT_NAME' => '/frontend/web/index.php'
    'PHP_SELF' => '/frontend/web/index.php'
    'REQUEST_TIME_FLOAT' => 1476616167.936
    'REQUEST_TIME' => 1476616167
]
2016-10-17 11:23:55 [127.0.0.1][-][-][error][yii\db\Exception] exception 'PDOException' with message 'SQLSTATE[HY000] [1049] Unknown database 'job'' in E:\www\night\lagou\job\vendor\yiisoft\yii2\db\Connection.php:600
Stack trace:
#0 E:\www\night\lagou\job\vendor\yiisoft\yii2\db\Connection.php(600): PDO->__construct('mysql:host=127....', 'root', 'root', NULL)
#1 E:\www\night\lagou\job\vendor\yiisoft\yii2\db\Connection.php(542): yii\db\Connection->createPdoInstance()
#2 E:\www\night\lagou\job\vendor\yiisoft\yii2\db\Connection.php(861): yii\db\Connection->open()
#3 E:\www\night\lagou\job\vendor\yiisoft\yii2\db\Connection.php(848): yii\db\Connection->getMasterPdo()
#4 E:\www\night\lagou\job\vendor\yiisoft\yii2\db\Command.php(219): yii\db\Connection->getSlavePdo()
#5 E:\www\night\lagou\job\vendor\yiisoft\yii2\db\Command.php(894): yii\db\Command->prepare('<span class="ke...')
#6 E:\www\night\lagou\job\vendor\yiisoft\yii2\db\Command.php(362): yii\db\Command->queryInternal('<span class="st...', '<span class="ke...')
#7 E:\www\night\lagou\job\vendor\yiisoft\yii2\db\Query.php(210): yii\db\Command->queryAll()
#8 E:\www\night\lagou\job\frontend\controllers\Usually.php(21): yii\db\Query->all()
#9 E:\www\night\lagou\job\frontend\controllers\IndexController.php(91): frontend\controllers\Usually->Positionarray()
#10 [internal function]: frontend\controllers\IndexController->actionIndex()
#11 E:\www\night\lagou\job\vendor\yiisoft\yii2\base\InlineAction.php(55): call_user_func_array('[<span class="t...', '[]')
#12 E:\www\night\lagou\job\vendor\yiisoft\yii2\base\Controller.php(154): yii\base\InlineAction->runWithParams('[]')
#13 E:\www\night\lagou\job\vendor\yiisoft\yii2\base\Module.php(454): yii\base\Controller->runAction('<span class="st...', '[]')
#14 E:\www\night\lagou\job\vendor\yiisoft\yii2\web\Application.php(84): yii\base\Module->runAction('<span class="st...', '[]')
#15 E:\www\night\lagou\job\vendor\yiisoft\yii2\base\Application.php(375): yii\web\Application->handleRequest(Object(yii\web\Request))
#16 E:\www\night\lagou\job\frontend\web\index.php(19): yii\base\Application->run()
#17 {main}

Next exception 'yii\db\Exception' with message 'SQLSTATE[HY000] [1049] Unknown database 'job'' in E:\www\night\lagou\job\vendor\yiisoft\yii2\db\Connection.php:547
Stack trace:
#0 E:\www\night\lagou\job\vendor\yiisoft\yii2\db\Connection.php(861): yii\db\Connection->open()
#1 E:\www\night\lagou\job\vendor\yiisoft\yii2\db\Connection.php(848): yii\db\Connection->getMasterPdo()
#2 E:\www\night\lagou\job\vendor\yiisoft\yii2\db\Command.php(219): yii\db\Connection->getSlavePdo()
#3 E:\www\night\lagou\job\vendor\yiisoft\yii2\db\Command.php(894): yii\db\Command->prepare('<span class="ke...')
#4 E:\www\night\lagou\job\vendor\yiisoft\yii2\db\Command.php(362): yii\db\Command->queryInternal('<span class="st...', '<span class="ke...')
#5 E:\www\night\lagou\job\vendor\yiisoft\yii2\db\Query.php(210): yii\db\Command->queryAll()
#6 E:\www\night\lagou\job\frontend\controllers\Usually.php(21): yii\db\Query->all()
#7 E:\www\night\lagou\job\frontend\controllers\IndexController.php(91): frontend\controllers\Usually->Positionarray()
#8 [internal function]: frontend\controllers\IndexController->actionIndex()
#9 E:\www\night\lagou\job\vendor\yiisoft\yii2\base\InlineAction.php(55): call_user_func_array('[<span class="t...', '[]')
#10 E:\www\night\lagou\job\vendor\yiisoft\yii2\base\Controller.php(154): yii\base\InlineAction->runWithParams('[]')
#11 E:\www\night\lagou\job\vendor\yiisoft\yii2\base\Module.php(454): yii\base\Controller->runAction('<span class="st...', '[]')
#12 E:\www\night\lagou\job\vendor\yiisoft\yii2\web\Application.php(84): yii\base\Module->runAction('<span class="st...', '[]')
#13 E:\www\night\lagou\job\vendor\yiisoft\yii2\base\Application.php(375): yii\web\Application->handleRequest(Object(yii\web\Request))
#14 E:\www\night\lagou\job\frontend\web\index.php(19): yii\base\Application->run()
#15 {main}
Additional Information:

2016-10-17 11:23:55 [127.0.0.1][-][-][info][application] $_COOKIE = [
    'PHPSESSID' => '29la6fh23gqgi5tqqr5ee1m0b2'
    '_csrf' => '9c8f2fb5ceb454c630cd2e990467a49e33ea632c9f8e4f4ca149477a85ac800da:2:{i:0;s:5:\"_csrf\";i:1;s:32:\"cS0glS0qIspJkpk25mAHYKkherbPSM7y\";}'
]

$_SERVER = [
    'SCRIPT_URL' => '/night/lagou/job/frontend/web/index.php'
    'SCRIPT_URI' => 'http://www.zqp.com/night/lagou/job/frontend/web/index.php'
    'HTTP_HOST' => 'www.zqp.com'
    'HTTP_USER_AGENT' => 'Mozilla/5.0 (Windows NT 10.0; WOW64; rv:49.0) Gecko/20100101 Firefox/49.0'
    'HTTP_ACCEPT' => 'text/html,application/xhtml+xml,application/xml;q=0.9,*/*;q=0.8'
    'HTTP_ACCEPT_LANGUAGE' => 'zh-CN,zh;q=0.8,en-US;q=0.5,en;q=0.3'
    'HTTP_ACCEPT_ENCODING' => 'gzip, deflate'
    'HTTP_REFERER' => 'http://www.zqp.com/night/lagou/job/frontend/web/'
    'HTTP_COOKIE' => 'PHPSESSID=29la6fh23gqgi5tqqr5ee1m0b2; _csrf=9c8f2fb5ceb454c630cd2e990467a49e33ea632c9f8e4f4ca149477a85ac800da%3A2%3A%7Bi%3A0%3Bs%3A5%3A%22_csrf%22%3Bi%3A1%3Bs%3A32%3A%22cS0glS0qIspJkpk25mAHYKkherbPSM7y%22%3B%7D'
    'HTTP_CONNECTION' => 'keep-alive'
    'HTTP_UPGRADE_INSECURE_REQUESTS' => '1'
    'PATH' => 'C:\\WINDOWS\\system32;C:\\WINDOWS;C:\\WINDOWS\\System32\\Wbem;C:\\WINDOWS\\System32\\WindowsPowerShell\\v1.0\\;E:\\PHPstudy\\php55;C:\\ProgramData\\ComposerSetup\\bin;D:\\办公软件\\svn\\bin;C:\\Users\\dell\\AppData\\Local\\Microsoft\\WindowsApps;C:\\Users\\dell\\AppData\\Roaming\\Composer\\vendor\\bin'
    'SystemRoot' => 'C:\\WINDOWS'
    'COMSPEC' => 'C:\\WINDOWS\\system32\\cmd.exe'
    'PATHEXT' => '.COM;.EXE;.BAT;.CMD;.VBS;.VBE;.JS;.JSE;.WSF;.WSH;.MSC'
    'WINDIR' => 'C:\\WINDOWS'
    'SERVER_SIGNATURE' => ''
    'SERVER_SOFTWARE' => 'Apache/2.4.18 (Win32) OpenSSL/1.0.2e PHP/5.5.30'
    'SERVER_NAME' => 'www.zqp.com'
    'SERVER_ADDR' => '127.0.0.1'
    'SERVER_PORT' => '80'
    'REMOTE_ADDR' => '127.0.0.1'
    'DOCUMENT_ROOT' => 'E:/www'
    'REQUEST_SCHEME' => 'http'
    'CONTEXT_PREFIX' => ''
    'CONTEXT_DOCUMENT_ROOT' => 'E:/www'
    'SERVER_ADMIN' => 'admin@phpStudy.net'
    'SCRIPT_FILENAME' => 'E:/www/night/lagou/job/frontend/web/index.php'
    'REMOTE_PORT' => '57291'
    'GATEWAY_INTERFACE' => 'CGI/1.1'
    'SERVER_PROTOCOL' => 'HTTP/1.1'
    'REQUEST_METHOD' => 'GET'
    'QUERY_STRING' => ''
    'REQUEST_URI' => '/night/lagou/job/frontend/web/index.php'
    'SCRIPT_NAME' => '/night/lagou/job/frontend/web/index.php'
    'PHP_SELF' => '/night/lagou/job/frontend/web/index.php'
    'REQUEST_TIME_FLOAT' => 1476674635.463
    'REQUEST_TIME' => 1476674635
]
